<?xml version="1.0" encoding="UTF-8"?>
<coverage generated="1669766613661" clover="3.2.0">
  <project timestamp="1669766613661" name="All files">
    <metrics statements="32" coveredstatements="29" conditionals="26" coveredconditionals="19" methods="5" coveredmethods="4" elements="63" coveredelements="52" complexity="0" loc="32" ncloc="32" packages="2" files="2" classes="2"/>
    <package name="easy.balanced-binary-tree">
      <metrics statements="15" coveredstatements="12" conditionals="14" coveredconditionals="8" methods="3" coveredmethods="2"/>
      <file name="balancedBinaryTree.js" path="/Users/irvin/Documents/githubrepos/completed-toy-problems/easy/balanced-binary-tree/balancedBinaryTree.js">
        <metrics statements="15" coveredstatements="12" conditionals="14" coveredconditionals="8" methods="3" coveredmethods="2"/>
        <line num="3" count="0" type="cond" truecount="0" falsecount="2"/>
        <line num="4" count="0" type="cond" truecount="0" falsecount="2"/>
        <line num="5" count="0" type="cond" truecount="0" falsecount="2"/>
        <line num="13" count="1" type="stmt"/>
        <line num="14" count="1" type="stmt"/>
        <line num="15" count="1" type="stmt"/>
        <line num="16" count="15" type="cond" truecount="2" falsecount="0"/>
        <line num="17" count="8" type="stmt"/>
        <line num="19" count="7" type="stmt"/>
        <line num="20" count="7" type="stmt"/>
        <line num="21" count="7" type="cond" truecount="4" falsecount="0"/>
        <line num="22" count="1" type="stmt"/>
        <line num="24" count="7" type="cond" truecount="2" falsecount="0"/>
        <line num="27" count="1" type="stmt"/>
        <line num="28" count="1" type="stmt"/>
      </file>
    </package>
    <package name="utils">
      <metrics statements="17" coveredstatements="17" conditionals="12" coveredconditionals="11" methods="2" coveredmethods="2"/>
      <file name="utils.js" path="/Users/irvin/Documents/githubrepos/completed-toy-problems/utils/utils.js">
        <metrics statements="17" coveredstatements="17" conditionals="12" coveredconditionals="11" methods="2" coveredmethods="2"/>
        <line num="1" count="1" type="stmt"/>
        <line num="2" count="9" type="cond" truecount="2" falsecount="0"/>
        <line num="3" count="9" type="stmt"/>
        <line num="4" count="9" type="stmt"/>
        <line num="5" count="17" type="stmt"/>
        <line num="6" count="17" type="cond" truecount="2" falsecount="0"/>
        <line num="7" count="7" type="cond" truecount="2" falsecount="0"/>
        <line num="8" count="5" type="cond" truecount="1" falsecount="1"/>
        <line num="9" count="5" type="stmt"/>
        <line num="10" count="5" type="stmt"/>
        <line num="13" count="7" type="cond" truecount="2" falsecount="0"/>
        <line num="14" count="5" type="cond" truecount="2" falsecount="0"/>
        <line num="15" count="3" type="stmt"/>
        <line num="16" count="3" type="stmt"/>
        <line num="17" count="3" type="stmt"/>
        <line num="22" count="9" type="stmt"/>
        <line num="23" count="9" type="stmt"/>
      </file>
    </package>
  </project>
</coverage>
