{"/Users/irvin/Documents/githubrepos/completed-toy-problems/utils.js": {"path":"/Users/irvin/Documents/githubrepos/completed-toy-problems/utils.js","statementMap":{"0":{"start":{"line":1,"column":18},"end":{"line":18,"column":1}},"1":{"start":{"line":2,"column":15},"end":{"line":2,"column":55}},"2":{"start":{"line":3,"column":22},"end":{"line":3,"column":53}},"3":{"start":{"line":5,"column":17},"end":{"line":15,"column":3}},"4":{"start":{"line":6,"column":4},"end":{"line":6,"column":19}},"5":{"start":{"line":7,"column":4},"end":{"line":14,"column":5}},"6":{"start":{"line":8,"column":6},"end":{"line":13,"column":7}},"7":{"start":{"line":9,"column":8},"end":{"line":9,"column":77}},"8":{"start":{"line":10,"column":8},"end":{"line":10,"column":59}},"9":{"start":{"line":11,"column":8},"end":{"line":11,"column":78}},"10":{"start":{"line":12,"column":8},"end":{"line":12,"column":60}},"11":{"start":{"line":16,"column":2},"end":{"line":16,"column":21}},"12":{"start":{"line":17,"column":2},"end":{"line":17,"column":14}}},"fnMap":{"0":{"name":"(anonymous_0)","decl":{"start":{"line":1,"column":18},"end":{"line":1,"column":19}},"loc":{"start":{"line":1,"column":27},"end":{"line":18,"column":1}},"line":1},"1":{"name":"(anonymous_1)","decl":{"start":{"line":5,"column":17},"end":{"line":5,"column":18}},"loc":{"start":{"line":5,"column":52},"end":{"line":15,"column":3}},"line":5}},"branchMap":{"0":{"loc":{"start":{"line":7,"column":4},"end":{"line":14,"column":5}},"type":"if","locations":[{"start":{"line":7,"column":4},"end":{"line":14,"column":5}},{"start":{},"end":{}}],"line":7},"1":{"loc":{"start":{"line":7,"column":8},"end":{"line":7,"column":79}},"type":"binary-expr","locations":[{"start":{"line":7,"column":8},"end":{"line":7,"column":44}},{"start":{"line":7,"column":48},"end":{"line":7,"column":79}}],"line":7},"2":{"loc":{"start":{"line":8,"column":6},"end":{"line":13,"column":7}},"type":"if","locations":[{"start":{"line":8,"column":6},"end":{"line":13,"column":7}},{"start":{},"end":{}}],"line":8}},"s":{"0":1,"1":3,"2":3,"3":3,"4":13,"5":13,"6":5,"7":5,"8":5,"9":5,"10":5,"11":3,"12":3},"f":{"0":3,"1":13},"b":{"0":[5,8],"1":[13,7],"2":[5,0]},"_coverageSchema":"1a1c01bbd47fc00a2c39e90264f33305004495a9","hash":"a7f0ec28e655e10f8439654cece80549299da18b"}
,"/Users/irvin/Documents/githubrepos/completed-toy-problems/easy/balanced-binary-tree/balancedBinaryTree.js": {"path":"/Users/irvin/Documents/githubrepos/completed-toy-problems/easy/balanced-binary-tree/balancedBinaryTree.js","statementMap":{"0":{"start":{"line":3,"column":2},"end":{"line":3,"column":43}},"1":{"start":{"line":4,"column":2},"end":{"line":4,"column":49}},"2":{"start":{"line":5,"column":2},"end":{"line":5,"column":52}},"3":{"start":{"line":13,"column":19},"end":{"line":29,"column":1}},"4":{"start":{"line":14,"column":23},"end":{"line":14,"column":27}},"5":{"start":{"line":15,"column":18},"end":{"line":26,"column":3}},"6":{"start":{"line":16,"column":4},"end":{"line":25,"column":5}},"7":{"start":{"line":17,"column":6},"end":{"line":17,"column":19}},"8":{"start":{"line":19,"column":24},"end":{"line":19,"column":53}},"9":{"start":{"line":20,"column":25},"end":{"line":20,"column":55}},"10":{"start":{"line":21,"column":6},"end":{"line":23,"column":7}},"11":{"start":{"line":22,"column":8},"end":{"line":22,"column":31}},"12":{"start":{"line":24,"column":6},"end":{"line":24,"column":61}},"13":{"start":{"line":27,"column":2},"end":{"line":27,"column":19}},"14":{"start":{"line":28,"column":2},"end":{"line":28,"column":24}}},"fnMap":{"0":{"name":"TreeNode","decl":{"start":{"line":2,"column":9},"end":{"line":2,"column":17}},"loc":{"start":{"line":2,"column":37},"end":{"line":6,"column":1}},"line":2},"1":{"name":"(anonymous_1)","decl":{"start":{"line":13,"column":19},"end":{"line":13,"column":20}},"loc":{"start":{"line":13,"column":35},"end":{"line":29,"column":1}},"line":13},"2":{"name":"(anonymous_2)","decl":{"start":{"line":15,"column":18},"end":{"line":15,"column":19}},"loc":{"start":{"line":15,"column":35},"end":{"line":26,"column":3}},"line":15}},"branchMap":{"0":{"loc":{"start":{"line":3,"column":14},"end":{"line":3,"column":41}},"type":"cond-expr","locations":[{"start":{"line":3,"column":34},"end":{"line":3,"column":35}},{"start":{"line":3,"column":38},"end":{"line":3,"column":41}}],"line":3},"1":{"loc":{"start":{"line":4,"column":15},"end":{"line":4,"column":47}},"type":"cond-expr","locations":[{"start":{"line":4,"column":36},"end":{"line":4,"column":40}},{"start":{"line":4,"column":43},"end":{"line":4,"column":47}}],"line":4},"2":{"loc":{"start":{"line":5,"column":16},"end":{"line":5,"column":50}},"type":"cond-expr","locations":[{"start":{"line":5,"column":38},"end":{"line":5,"column":42}},{"start":{"line":5,"column":45},"end":{"line":5,"column":50}}],"line":5},"3":{"loc":{"start":{"line":16,"column":4},"end":{"line":25,"column":5}},"type":"if","locations":[{"start":{"line":16,"column":4},"end":{"line":25,"column":5}},{"start":{"line":18,"column":11},"end":{"line":25,"column":5}}],"line":16},"4":{"loc":{"start":{"line":21,"column":6},"end":{"line":23,"column":7}},"type":"if","locations":[{"start":{"line":21,"column":6},"end":{"line":23,"column":7}},{"start":{},"end":{}}],"line":21},"5":{"loc":{"start":{"line":21,"column":10},"end":{"line":21,"column":64}},"type":"binary-expr","locations":[{"start":{"line":21,"column":10},"end":{"line":21,"column":24}},{"start":{"line":21,"column":28},"end":{"line":21,"column":64}}],"line":21},"6":{"loc":{"start":{"line":24,"column":13},"end":{"line":24,"column":60}},"type":"cond-expr","locations":[{"start":{"line":24,"column":38},"end":{"line":24,"column":48}},{"start":{"line":24,"column":51},"end":{"line":24,"column":60}}],"line":24}},"s":{"0":0,"1":0,"2":0,"3":1,"4":3,"5":3,"6":29,"7":16,"8":13,"9":13,"10":13,"11":1,"12":13,"13":3,"14":3},"f":{"0":0,"1":3,"2":29},"b":{"0":[0,0],"1":[0,0],"2":[0,0],"3":[16,13],"4":[1,12],"5":[13,13],"6":[1,12]},"_coverageSchema":"1a1c01bbd47fc00a2c39e90264f33305004495a9","hash":"8d959af01843d37de7cd7199656057fa97ee48f2"}
}
