{"/Users/irvin/Documents/githubrepos/completed-toy-problems/easy/plusMinus/plusMinus.js": {"path":"/Users/irvin/Documents/githubrepos/completed-toy-problems/easy/plusMinus/plusMinus.js","statementMap":{"0":{"start":{"line":12,"column":2},"end":{"line":41,"column":3}},"1":{"start":{"line":13,"column":4},"end":{"line":13,"column":48}},"2":{"start":{"line":15,"column":14},"end":{"line":15,"column":24}},"3":{"start":{"line":17,"column":20},"end":{"line":17,"column":75}},"4":{"start":{"line":18,"column":4},"end":{"line":20,"column":5}},"5":{"start":{"line":19,"column":6},"end":{"line":19,"column":107}},"6":{"start":{"line":22,"column":24},"end":{"line":22,"column":38}},"7":{"start":{"line":23,"column":6},"end":{"line":33,"column":7}},"8":{"start":{"line":24,"column":8},"end":{"line":24,"column":37}},"9":{"start":{"line":26,"column":28},"end":{"line":26,"column":50}},"10":{"start":{"line":27,"column":25},"end":{"line":27,"column":70}},"11":{"start":{"line":28,"column":8},"end":{"line":32,"column":9}},"12":{"start":{"line":29,"column":10},"end":{"line":29,"column":57}},"13":{"start":{"line":31,"column":10},"end":{"line":31,"column":32}},"14":{"start":{"line":35,"column":59},"end":{"line":35,"column":66}},"15":{"start":{"line":36,"column":27},"end":{"line":36,"column":60}},"16":{"start":{"line":37,"column":27},"end":{"line":37,"column":60}},"17":{"start":{"line":38,"column":23},"end":{"line":38,"column":52}},"18":{"start":{"line":40,"column":4},"end":{"line":40,"column":76}}},"fnMap":{"0":{"name":"plusMinus","decl":{"start":{"line":11,"column":9},"end":{"line":11,"column":18}},"loc":{"start":{"line":11,"column":25},"end":{"line":42,"column":1}},"line":11},"1":{"name":"toRatioString","decl":{"start":{"line":21,"column":13},"end":{"line":21,"column":26}},"loc":{"start":{"line":21,"column":33},"end":{"line":34,"column":5}},"line":21}},"branchMap":{"0":{"loc":{"start":{"line":12,"column":2},"end":{"line":41,"column":3}},"type":"if","locations":[{"start":{"line":12,"column":2},"end":{"line":41,"column":3}},{"start":{"line":14,"column":9},"end":{"line":41,"column":3}}],"line":12},"1":{"loc":{"start":{"line":19,"column":6},"end":{"line":19,"column":106}},"type":"cond-expr","locations":[{"start":{"line":19,"column":19},"end":{"line":19,"column":43}},{"start":{"line":19,"column":46},"end":{"line":19,"column":106}}],"line":19},"2":{"loc":{"start":{"line":19,"column":46},"end":{"line":19,"column":106}},"type":"cond-expr","locations":[{"start":{"line":19,"column":59},"end":{"line":19,"column":83}},{"start":{"line":19,"column":86},"end":{"line":19,"column":106}}],"line":19},"3":{"loc":{"start":{"line":23,"column":6},"end":{"line":33,"column":7}},"type":"if","locations":[{"start":{"line":23,"column":6},"end":{"line":33,"column":7}},{"start":{"line":25,"column":13},"end":{"line":33,"column":7}}],"line":23},"4":{"loc":{"start":{"line":28,"column":8},"end":{"line":32,"column":9}},"type":"if","locations":[{"start":{"line":28,"column":8},"end":{"line":32,"column":9}},{"start":{"line":30,"column":15},"end":{"line":32,"column":9}}],"line":28}},"s":{"0":6,"1":1,"2":5,"3":5,"4":5,"5":73,"6":15,"7":15,"8":3,"9":12,"10":12,"11":12,"12":1,"13":11,"14":5,"15":5,"16":5,"17":5,"18":5},"f":{"0":6,"1":15},"b":{"0":[1,5],"1":[4,69],"2":[65,4],"3":[3,12],"4":[1,11]},"_coverageSchema":"1a1c01bbd47fc00a2c39e90264f33305004495a9","hash":"5b533498a90ae9a3f34e67de096e7042c381207d"}
}
