TN:
SF:easy/balanced-binary-tree/balancedBinaryTree.js
FN:2,TreeNode
FN:13,(anonymous_1)
FN:15,(anonymous_2)
FNF:3
FNH:2
FNDA:0,TreeNode
FNDA:3,(anonymous_1)
FNDA:29,(anonymous_2)
DA:3,0
DA:4,0
DA:5,0
DA:13,1
DA:14,3
DA:15,3
DA:16,29
DA:17,16
DA:19,13
DA:20,13
DA:21,13
DA:22,1
DA:24,13
DA:27,3
DA:28,3
LF:15
LH:12
BRDA:3,0,0,0
BRDA:3,0,1,0
BRDA:4,1,0,0
BRDA:4,1,1,0
BRDA:5,2,0,0
BRDA:5,2,1,0
BRDA:16,3,0,16
BRDA:16,3,1,13
BRDA:21,4,0,1
BRDA:21,4,1,12
BRDA:21,5,0,13
BRDA:21,5,1,13
BRDA:24,6,0,1
BRDA:24,6,1,12
BRF:14
BRH:8
end_of_record
TN:
SF:utils/utils.js
FN:1,(anonymous_0)
FN:3,(anonymous_1)
FNF:2
FNH:2
FNDA:3,(anonymous_0)
FNDA:13,(anonymous_1)
DA:1,1
DA:2,3
DA:3,3
DA:4,13
DA:5,11
DA:6,5
DA:7,5
DA:10,13
DA:11,11
DA:12,5
DA:13,5
DA:17,3
DA:18,3
LF:13
LH:13
BRDA:2,0,0,3
BRDA:2,0,1,1
BRDA:4,1,0,11
BRDA:4,1,1,2
BRDA:5,2,0,5
BRDA:5,2,1,6
BRDA:10,3,0,11
BRDA:10,3,1,2
BRDA:11,4,0,5
BRDA:11,4,1,6
BRF:10
BRH:10
end_of_record
