TN:
SF:easy/balanced-binary-tree/balancedBinaryTree.js
FN:2,TreeNode
FN:13,(anonymous_1)
FN:15,(anonymous_2)
FNF:3
FNH:2
FNDA:0,TreeNode
FNDA:1,(anonymous_1)
FNDA:15,(anonymous_2)
DA:3,0
DA:4,0
DA:5,0
DA:13,1
DA:14,1
DA:15,1
DA:16,15
DA:17,8
DA:19,7
DA:20,7
DA:21,7
DA:22,1
DA:24,7
DA:27,1
DA:28,1
LF:15
LH:12
BRDA:3,0,0,0
BRDA:3,0,1,0
BRDA:4,1,0,0
BRDA:4,1,1,0
BRDA:5,2,0,0
BRDA:5,2,1,0
BRDA:16,3,0,8
BRDA:16,3,1,7
BRDA:21,4,0,1
BRDA:21,4,1,6
BRDA:21,5,0,7
BRDA:21,5,1,7
BRDA:24,6,0,1
BRDA:24,6,1,6
BRF:14
BRH:8
end_of_record
TN:
SF:utils/utils.js
FN:1,(anonymous_0)
FN:4,(anonymous_1)
FNF:2
FNH:2
FNDA:9,(anonymous_0)
FNDA:17,(anonymous_1)
DA:1,1
DA:2,9
DA:3,9
DA:4,9
DA:5,17
DA:6,17
DA:7,7
DA:8,5
DA:9,5
DA:10,5
DA:13,7
DA:14,5
DA:15,3
DA:16,3
DA:17,3
DA:22,9
DA:23,9
LF:17
LH:17
BRDA:2,0,0,9
BRDA:2,0,1,2
BRDA:6,1,0,7
BRDA:6,1,1,10
BRDA:7,2,0,5
BRDA:7,2,1,2
BRDA:8,3,0,5
BRDA:8,3,1,0
BRDA:13,4,0,5
BRDA:13,4,1,2
BRDA:14,5,0,3
BRDA:14,5,1,2
BRF:12
BRH:11
end_of_record
